  [1m[36m (160.5ms)[0m  [1mCREATE TABLE "schema_migrations" ("version" varchar NOT NULL) [0m
  [1m[35m (0.2ms)[0m  select sqlite_version(*)
  [1m[36m (109.6ms)[0m  [1mCREATE UNIQUE INDEX "unique_schema_migrations" ON "schema_migrations" ("version")[0m
  [1m[35mActiveRecord::SchemaMigration Load (0.2ms)[0m  SELECT "schema_migrations".* FROM "schema_migrations"
Migrating to DeviseCreateUsers (20140224203310)
  [1m[36m (0.0ms)[0m  [1mbegin transaction[0m
DEPRECATION WARNING: `#timestamp` was called without specifying an option for `null`. In Rails 5, this behavior will change to `null: false`. You should manually specify `null: true` to prevent the behavior of your existing migrations from changing. (called from block in change at /home/xef/Akademia/test/db/migrate/20140224203310_devise_create_users.rb:34)
  [1m[35m (0.3ms)[0m  CREATE TABLE "users" ("id" INTEGER PRIMARY KEY AUTOINCREMENT NOT NULL, "email" varchar DEFAULT '' NOT NULL, "encrypted_password" varchar DEFAULT '' NOT NULL, "reset_password_token" varchar, "reset_password_sent_at" datetime, "remember_created_at" datetime, "sign_in_count" integer DEFAULT 0 NOT NULL, "current_sign_in_at" datetime, "last_sign_in_at" datetime, "current_sign_in_ip" varchar, "last_sign_in_ip" varchar, "created_at" datetime, "updated_at" datetime) 
  [1m[36m (0.2ms)[0m  [1mCREATE UNIQUE INDEX "index_users_on_email" ON "users" ("email")[0m
  [1m[35m (0.1ms)[0m              SELECT sql
            FROM sqlite_master
            WHERE name='index_users_on_email' AND type='index'
            UNION ALL
            SELECT sql
            FROM sqlite_temp_master
            WHERE name='index_users_on_email' AND type='index'

  [1m[36m (0.1ms)[0m  [1mCREATE UNIQUE INDEX "index_users_on_reset_password_token" ON "users" ("reset_password_token")[0m
  [1m[35mSQL (0.1ms)[0m  INSERT INTO "schema_migrations" ("version") VALUES (?)  [["version", "20140224203310"]]
  [1m[36m (141.3ms)[0m  [1mcommit transaction[0m
Migrating to AddNameToUsers (20140224203311)
  [1m[35m (0.2ms)[0m  begin transaction
  [1m[36m (0.6ms)[0m  [1mALTER TABLE "users" ADD "name" varchar[0m
  [1m[35mSQL (0.5ms)[0m  INSERT INTO "schema_migrations" ("version") VALUES (?)  [["version", "20140224203311"]]
  [1m[36m (151.1ms)[0m  [1mcommit transaction[0m
  [1m[35mActiveRecord::SchemaMigration Load (0.1ms)[0m  SELECT "schema_migrations".* FROM "schema_migrations"
  [1m[36m (0.1ms)[0m  [1m            SELECT sql
            FROM sqlite_master
            WHERE name='index_users_on_reset_password_token' AND type='index'
            UNION ALL
            SELECT sql
            FROM sqlite_temp_master
            WHERE name='index_users_on_reset_password_token' AND type='index'
[0m
  [1m[35m (0.1ms)[0m              SELECT sql
            FROM sqlite_master
            WHERE name='index_users_on_email' AND type='index'
            UNION ALL
            SELECT sql
            FROM sqlite_temp_master
            WHERE name='index_users_on_email' AND type='index'

  [1m[36mActiveRecord::SchemaMigration Load (0.1ms)[0m  [1mSELECT "schema_migrations".* FROM "schema_migrations"[0m
  [1m[35mUser Load (0.1ms)[0m  SELECT  "users".* FROM "users" WHERE "users"."email" = ? LIMIT 1  [["email", "user@example.com"]]
  [1m[36m (0.1ms)[0m  [1mbegin transaction[0m
  [1m[35mUser Exists (0.1ms)[0m  SELECT  1 AS one FROM "users" WHERE "users"."email" = 'user@example.com' LIMIT 1
  [1m[36mSQL (0.2ms)[0m  [1mINSERT INTO "users" ("email", "encrypted_password", "created_at", "updated_at") VALUES (?, ?, ?, ?)[0m  [["email", "user@example.com"], ["encrypted_password", "$2a$10$svOJxmkMJ53pJXFmKj2.c.iN7ahG/5mjvvcJ6bNMMQ5JWmWGyEQ8i"], ["created_at", "2015-01-30 10:51:56.478193"], ["updated_at", "2015-01-30 10:51:56.478193"]]
  [1m[35m (142.4ms)[0m  commit transaction


Started GET "/" for 127.0.0.1 at 2015-01-30 11:53:12 +0100
  [1m[36mActiveRecord::SchemaMigration Load (0.1ms)[0m  [1mSELECT "schema_migrations".* FROM "schema_migrations"[0m
Processing by VisitorsController#index as HTML
  [1m[35m (0.1ms)[0m  SELECT COUNT(*) FROM "users"
  Rendered visitors/index.html.erb within layouts/application (3.4ms)
  Rendered layouts/_navigation_links.html.erb (7.1ms)
  Rendered layouts/_navigation.html.erb (8.6ms)
  Rendered layouts/_messages.html.erb (0.5ms)
Completed 200 OK in 2940ms (Views: 2924.4ms | ActiveRecord: 0.2ms)


Started GET "/" for 127.0.0.1 at 2015-01-30 11:53:15 +0100
Processing by VisitorsController#index as HTML
  [1m[36m (0.2ms)[0m  [1mSELECT COUNT(*) FROM "users"[0m
  Rendered visitors/index.html.erb within layouts/application (1.3ms)
  Rendered layouts/_navigation_links.html.erb (0.5ms)
  Rendered layouts/_navigation.html.erb (1.2ms)
  Rendered layouts/_messages.html.erb (0.1ms)
Completed 200 OK in 107ms (Views: 106.4ms | ActiveRecord: 0.2ms)


Started GET "/users/sign_in" for 127.0.0.1 at 2015-01-30 11:53:20 +0100
Processing by Devise::SessionsController#new as HTML
  Rendered devise/sessions/new.html.erb within layouts/application (297.7ms)
  Rendered layouts/_navigation_links.html.erb (0.3ms)
  Rendered layouts/_navigation.html.erb (1.2ms)
  Rendered layouts/_messages.html.erb (0.1ms)
Completed 200 OK in 398ms (Views: 386.2ms | ActiveRecord: 0.3ms)


Started POST "/users/sign_in" for 127.0.0.1 at 2015-01-30 11:53:26 +0100
Processing by Devise::SessionsController#create as HTML
  Parameters: {"utf8"=>"✓", "authenticity_token"=>"hNFFqx5V2b7equXFiFiBi2Spuw5amt4oljbFFxJyFA8n9s85M0ExwLdCKOqyt2ZWxizW7HSyZ7PxJo20KLRVmw==", "user"=>{"email"=>"user@example.com", "password"=>"[FILTERED]", "remember_me"=>"0"}, "commit"=>"Sign in"}
  [1m[35mUser Load (0.2ms)[0m  SELECT  "users".* FROM "users" WHERE "users"."email" = ?  ORDER BY "users"."id" ASC LIMIT 1  [["email", "user@example.com"]]
Completed 401 Unauthorized in 75ms
Processing by Devise::SessionsController#new as HTML
  Parameters: {"utf8"=>"✓", "authenticity_token"=>"hNFFqx5V2b7equXFiFiBi2Spuw5amt4oljbFFxJyFA8n9s85M0ExwLdCKOqyt2ZWxizW7HSyZ7PxJo20KLRVmw==", "user"=>{"email"=>"user@example.com", "password"=>"[FILTERED]", "remember_me"=>"0"}, "commit"=>"Sign in"}
  Rendered devise/sessions/new.html.erb within layouts/application (6.1ms)
  Rendered layouts/_navigation_links.html.erb (0.2ms)
  Rendered layouts/_navigation.html.erb (1.0ms)
  Rendered layouts/_messages.html.erb (0.1ms)
Completed 200 OK in 169ms (Views: 102.9ms | ActiveRecord: 0.0ms)


Started POST "/users/sign_in" for 127.0.0.1 at 2015-01-30 11:53:35 +0100
Processing by Devise::SessionsController#create as HTML
  Parameters: {"utf8"=>"✓", "authenticity_token"=>"+3h2lAJUqYL4lnjrn9v/FQFi7HKctWnAL9sArVkziNNYX/wGL0BB/JF+tcSlNBjIo+eBkLKd0FtIy0gOY/XJRw==", "user"=>{"email"=>"user@example.com", "password"=>"[FILTERED]", "remember_me"=>"0"}, "commit"=>"Sign in"}
  [1m[36mUser Load (0.2ms)[0m  [1mSELECT  "users".* FROM "users" WHERE "users"."email" = ?  ORDER BY "users"."id" ASC LIMIT 1[0m  [["email", "user@example.com"]]
  [1m[35m (0.1ms)[0m  begin transaction
  [1m[36mSQL (0.2ms)[0m  [1mUPDATE "users" SET "last_sign_in_at" = ?, "current_sign_in_at" = ?, "last_sign_in_ip" = ?, "current_sign_in_ip" = ?, "sign_in_count" = ?, "updated_at" = ? WHERE "users"."id" = ?[0m  [["last_sign_in_at", "2015-01-30 10:53:35.763685"], ["current_sign_in_at", "2015-01-30 10:53:35.763685"], ["last_sign_in_ip", "127.0.0.1"], ["current_sign_in_ip", "127.0.0.1"], ["sign_in_count", 1], ["updated_at", "2015-01-30 10:53:35.764892"], ["id", 1]]
  [1m[35m (154.7ms)[0m  commit transaction
Redirected to http://localhost:3000/
Completed 302 Found in 246ms (ActiveRecord: 155.3ms)


Started GET "/" for 127.0.0.1 at 2015-01-30 11:53:35 +0100
Processing by VisitorsController#index as HTML
  [1m[36m (0.3ms)[0m  [1mSELECT COUNT(*) FROM "users"[0m
  Rendered visitors/index.html.erb within layouts/application (1.7ms)
  [1m[35mUser Load (0.2ms)[0m  SELECT  "users".* FROM "users" WHERE "users"."id" = ?  ORDER BY "users"."id" ASC LIMIT 1  [["id", 1]]
  Rendered layouts/_navigation_links.html.erb (1.1ms)
  Rendered layouts/_navigation.html.erb (1.8ms)
  Rendered layouts/_messages.html.erb (0.1ms)
Completed 200 OK in 111ms (Views: 110.1ms | ActiveRecord: 0.5ms)


Started GET "/" for 127.0.0.1 at 2015-01-30 11:54:54 +0100
Processing by VisitorsController#index as HTML
  [1m[36m (0.1ms)[0m  [1mSELECT COUNT(*) FROM "users"[0m
  Rendered visitors/index.html.erb within layouts/application (1.0ms)
  [1m[35mUser Load (0.1ms)[0m  SELECT  "users".* FROM "users" WHERE "users"."id" = ?  ORDER BY "users"."id" ASC LIMIT 1  [["id", 1]]
  Rendered layouts/_navigation_links.html.erb (1.2ms)
  Rendered layouts/_navigation.html.erb (2.5ms)
  Rendered layouts/_messages.html.erb (0.3ms)
Completed 200 OK in 72ms (Views: 71.8ms | ActiveRecord: 0.2ms)


Started GET "/users" for 127.0.0.1 at 2015-01-30 11:54:55 +0100
Processing by UsersController#index as HTML
  [1m[36mUser Load (0.2ms)[0m  [1mSELECT  "users".* FROM "users" WHERE "users"."id" = ?  ORDER BY "users"."id" ASC LIMIT 1[0m  [["id", 1]]
  [1m[35mUser Load (0.1ms)[0m  SELECT "users".* FROM "users"
  Rendered users/_user.html.erb (0.5ms)
  Rendered users/index.html.erb within layouts/application (2.2ms)
  Rendered layouts/_navigation_links.html.erb (0.2ms)
  Rendered layouts/_navigation.html.erb (1.1ms)
  Rendered layouts/_messages.html.erb (0.1ms)
Completed 200 OK in 80ms (Views: 76.9ms | ActiveRecord: 0.3ms)


Started GET "/users/1" for 127.0.0.1 at 2015-01-30 11:54:57 +0100
Processing by UsersController#show as HTML
  Parameters: {"id"=>"1"}
  [1m[36mUser Load (0.2ms)[0m  [1mSELECT  "users".* FROM "users" WHERE "users"."id" = ?  ORDER BY "users"."id" ASC LIMIT 1[0m  [["id", 1]]
  [1m[35mUser Load (0.1ms)[0m  SELECT  "users".* FROM "users" WHERE "users"."id" = ? LIMIT 1  [["id", 1]]
  Rendered users/show.html.erb within layouts/application (0.3ms)
  Rendered layouts/_navigation_links.html.erb (0.2ms)
  Rendered layouts/_navigation.html.erb (1.1ms)
  Rendered layouts/_messages.html.erb (0.1ms)
Completed 200 OK in 87ms (Views: 82.2ms | ActiveRecord: 0.3ms)


Started GET "/users/edit" for 127.0.0.1 at 2015-01-30 11:54:58 +0100
Processing by Devise::RegistrationsController#edit as HTML
  [1m[36mUser Load (0.2ms)[0m  [1mSELECT  "users".* FROM "users" WHERE "users"."id" = ?  ORDER BY "users"."id" ASC LIMIT 1[0m  [["id", 1]]
  Rendered devise/registrations/edit.html.erb within layouts/application (5.8ms)
  Rendered layouts/_navigation_links.html.erb (0.2ms)
  Rendered layouts/_navigation.html.erb (1.1ms)
  Rendered layouts/_messages.html.erb (0.1ms)
Completed 200 OK in 89ms (Views: 86.8ms | ActiveRecord: 0.2ms)


Started GET "/users" for 127.0.0.1 at 2015-01-30 11:55:06 +0100
Processing by UsersController#index as HTML
  [1m[35mUser Load (0.2ms)[0m  SELECT  "users".* FROM "users" WHERE "users"."id" = ?  ORDER BY "users"."id" ASC LIMIT 1  [["id", 1]]
  [1m[36mUser Load (0.3ms)[0m  [1mSELECT "users".* FROM "users"[0m
  Rendered users/_user.html.erb (0.3ms)
  Rendered users/index.html.erb within layouts/application (3.3ms)
  Rendered layouts/_navigation_links.html.erb (0.2ms)
  Rendered layouts/_navigation.html.erb (1.1ms)
  Rendered layouts/_messages.html.erb (0.1ms)
Completed 200 OK in 83ms (Views: 80.2ms | ActiveRecord: 0.5ms)


Started GET "/users/edit" for 127.0.0.1 at 2015-01-30 11:55:07 +0100
Processing by Devise::RegistrationsController#edit as HTML
  [1m[35mUser Load (0.2ms)[0m  SELECT  "users".* FROM "users" WHERE "users"."id" = ?  ORDER BY "users"."id" ASC LIMIT 1  [["id", 1]]
  Rendered devise/registrations/edit.html.erb within layouts/application (4.9ms)
  Rendered layouts/_navigation_links.html.erb (0.2ms)
  Rendered layouts/_navigation.html.erb (1.1ms)
  Rendered layouts/_messages.html.erb (0.1ms)
Completed 200 OK in 78ms (Views: 75.4ms | ActiveRecord: 0.2ms)


Started GET "/" for 127.0.0.1 at 2015-01-30 11:55:08 +0100
Processing by VisitorsController#index as HTML
  [1m[36m (0.1ms)[0m  [1mSELECT COUNT(*) FROM "users"[0m
  Rendered visitors/index.html.erb within layouts/application (0.7ms)
  [1m[35mUser Load (0.1ms)[0m  SELECT  "users".* FROM "users" WHERE "users"."id" = ?  ORDER BY "users"."id" ASC LIMIT 1  [["id", 1]]
  Rendered layouts/_navigation_links.html.erb (1.1ms)
  Rendered layouts/_navigation.html.erb (1.9ms)
  Rendered layouts/_messages.html.erb (0.1ms)
Completed 200 OK in 79ms (Views: 77.9ms | ActiveRecord: 0.2ms)


Started GET "/" for 127.0.0.1 at 2015-01-30 12:23:43 +0100
  [1m[36mActiveRecord::SchemaMigration Load (0.1ms)[0m  [1mSELECT "schema_migrations".* FROM "schema_migrations"[0m
Processing by VisitorsController#index as HTML
  [1m[35m (0.1ms)[0m  SELECT COUNT(*) FROM "users"
  Rendered visitors/index.html.erb within layouts/application (2.9ms)
  [1m[36mUser Load (0.2ms)[0m  [1mSELECT  "users".* FROM "users" WHERE "users"."id" = ?  ORDER BY "users"."id" ASC LIMIT 1[0m  [["id", 1]]
  Rendered layouts/_navigation_links.html.erb (14.8ms)
  Rendered layouts/_navigation.html.erb (16.1ms)
  Rendered layouts/_messages.html.erb (0.5ms)
Completed 200 OK in 250ms (Views: 234.3ms | ActiveRecord: 0.6ms)


Started GET "/" for 127.0.0.1 at 2015-02-21 21:55:04 +0100
  [1m[36mActiveRecord::SchemaMigration Load (0.1ms)[0m  [1mSELECT "schema_migrations".* FROM "schema_migrations"[0m
Processing by VisitorsController#index as HTML
  [1m[35mUser Load (0.2ms)[0m  SELECT  "users".* FROM "users" WHERE "users"."id" = ?  ORDER BY "users"."id" ASC LIMIT 1  [["id", 1]]
  [1m[36m (0.2ms)[0m  [1mSELECT COUNT(*) FROM "users"[0m
  [1m[35m (0.1ms)[0m  SELECT COUNT(*) FROM "cities"
  Rendered visitors/index.html.erb within layouts/application (24.5ms)
  Rendered layouts/_navigation_links.html.erb (1.2ms)
  Rendered layouts/_navigation.html.erb (2.7ms)
  Rendered layouts/_messages.html.erb (0.7ms)
Completed 200 OK in 3404ms (Views: 3394.7ms | ActiveRecord: 1.0ms)


Started GET "/users/edit" for 127.0.0.1 at 2015-02-21 21:55:13 +0100
Processing by RegistrationsController#edit as HTML
  [1m[36mUser Load (0.1ms)[0m  [1mSELECT  "users".* FROM "users" WHERE "users"."id" = ?  ORDER BY "users"."id" ASC LIMIT 1[0m  [["id", 1]]
  [1m[35mCity Load (0.2ms)[0m  SELECT "cities".* FROM "cities"
  Rendered devise/registrations/edit.html.erb within layouts/application (368.0ms)
  Rendered layouts/_navigation_links.html.erb (0.9ms)
  Rendered layouts/_navigation.html.erb (2.6ms)
  Rendered layouts/_messages.html.erb (0.7ms)
Completed 200 OK in 486ms (Views: 483.0ms | ActiveRecord: 0.4ms)


Started DELETE "/users/sign_out" for 127.0.0.1 at 2015-02-21 21:55:19 +0100
Processing by Devise::SessionsController#destroy as HTML
  Parameters: {"authenticity_token"=>"I2F7o8Ye7j/rS8QGyq0ty+xY4hMTeHmuYJjOObIN+jXfiIiyiX+AHzPSmofgu6Aixp+bijw7FOBh2KrR4WRtYg=="}
  [1m[36mUser Load (0.1ms)[0m  [1mSELECT  "users".* FROM "users" WHERE "users"."id" = ?  ORDER BY "users"."id" ASC LIMIT 1[0m  [["id", 1]]
  [1m[35m (0.1ms)[0m  begin transaction
  [1m[36m (0.0ms)[0m  [1mcommit transaction[0m
Redirected to http://localhost:3000/
Completed 302 Found in 7ms (ActiveRecord: 0.2ms)


Started GET "/" for 127.0.0.1 at 2015-02-21 21:55:19 +0100
Processing by VisitorsController#index as HTML
  [1m[35m (0.1ms)[0m  SELECT COUNT(*) FROM "users"
  [1m[36m (0.1ms)[0m  [1mSELECT COUNT(*) FROM "cities"[0m
  Rendered visitors/index.html.erb within layouts/application (5.7ms)
  Rendered layouts/_navigation_links.html.erb (0.3ms)
  Rendered layouts/_navigation.html.erb (1.2ms)
  Rendered layouts/_messages.html.erb (0.1ms)
Completed 200 OK in 131ms (Views: 129.5ms | ActiveRecord: 0.3ms)


Started GET "/" for 127.0.0.1 at 2015-02-21 21:55:32 +0100
Processing by VisitorsController#index as HTML
  [1m[35m (0.4ms)[0m  SELECT COUNT(*) FROM "users"
  [1m[36m (0.1ms)[0m  [1mSELECT COUNT(*) FROM "cities"[0m
  Rendered visitors/index.html.erb within layouts/application (2.2ms)
  Rendered layouts/_navigation_links.html.erb (0.3ms)
  Rendered layouts/_navigation.html.erb (1.2ms)
  Rendered layouts/_messages.html.erb (0.1ms)
Completed 200 OK in 115ms (Views: 114.4ms | ActiveRecord: 0.5ms)


Started GET "/users/sign_in" for 127.0.0.1 at 2015-02-21 21:55:34 +0100
Processing by Devise::SessionsController#new as HTML
  Rendered devise/sessions/new.html.erb within layouts/application (23.1ms)
  Rendered layouts/_navigation_links.html.erb (0.4ms)
  Rendered layouts/_navigation.html.erb (1.5ms)
  Rendered layouts/_messages.html.erb (0.1ms)
Completed 200 OK in 121ms (Views: 118.8ms | ActiveRecord: 0.0ms)


Started POST "/users/sign_in" for 127.0.0.1 at 2015-02-21 21:55:41 +0100
Processing by Devise::SessionsController#create as HTML
  Parameters: {"utf8"=>"✓", "authenticity_token"=>"3j15AQ1qFso8DzJR6jXNDpGWjlLcg7z4vVlLBxXE6aRFF5liia5vRtujm7UfL/Na/q/oZijMrTGiLTRHCN1B4g==", "user"=>{"email"=>"user@example.com", "password"=>"[FILTERED]", "remember_me"=>"0"}, "commit"=>"Sign in"}
  [1m[35mUser Load (0.3ms)[0m  SELECT  "users".* FROM "users" WHERE "users"."email" = ?  ORDER BY "users"."id" ASC LIMIT 1  [["email", "user@example.com"]]
  [1m[36m (0.1ms)[0m  [1mbegin transaction[0m
  [1m[35mSQL (0.3ms)[0m  UPDATE "users" SET "last_sign_in_at" = ?, "current_sign_in_at" = ?, "sign_in_count" = ?, "updated_at" = ? WHERE "users"."id" = ?  [["last_sign_in_at", "2015-02-21 20:22:14.284716"], ["current_sign_in_at", "2015-02-21 20:55:41.662385"], ["sign_in_count", 7], ["updated_at", "2015-02-21 20:55:41.663702"], ["id", 1]]
  [1m[36m (107.5ms)[0m  [1mcommit transaction[0m
Redirected to http://localhost:3000/
Completed 302 Found in 202ms (ActiveRecord: 108.1ms)


Started GET "/" for 127.0.0.1 at 2015-02-21 21:55:41 +0100
Processing by VisitorsController#index as HTML
  [1m[35mUser Load (0.1ms)[0m  SELECT  "users".* FROM "users" WHERE "users"."id" = ?  ORDER BY "users"."id" ASC LIMIT 1  [["id", 1]]
  [1m[36m (0.1ms)[0m  [1mSELECT COUNT(*) FROM "users"[0m
  [1m[35m (0.5ms)[0m  SELECT COUNT(*) FROM "cities"
  Rendered visitors/index.html.erb within layouts/application (3.3ms)
  Rendered layouts/_navigation_links.html.erb (0.4ms)
  Rendered layouts/_navigation.html.erb (1.3ms)
  Rendered layouts/_messages.html.erb (0.1ms)
Completed 200 OK in 96ms (Views: 94.9ms | ActiveRecord: 0.7ms)


Started GET "/" for 127.0.0.1 at 2015-02-21 21:55:45 +0100
Processing by VisitorsController#index as HTML
  [1m[36mUser Load (0.1ms)[0m  [1mSELECT  "users".* FROM "users" WHERE "users"."id" = ?  ORDER BY "users"."id" ASC LIMIT 1[0m  [["id", 1]]
  [1m[35m (0.1ms)[0m  SELECT COUNT(*) FROM "users"
  [1m[36m (0.1ms)[0m  [1mSELECT COUNT(*) FROM "cities"[0m
  Rendered visitors/index.html.erb within layouts/application (2.0ms)
  Rendered layouts/_navigation_links.html.erb (0.3ms)
  Rendered layouts/_navigation.html.erb (1.4ms)
  Rendered layouts/_messages.html.erb (0.4ms)
Completed 200 OK in 106ms (Views: 105.0ms | ActiveRecord: 0.3ms)


Started GET "/" for 127.0.0.1 at 2015-02-21 21:56:12 +0100
  [1m[36mActiveRecord::SchemaMigration Load (0.1ms)[0m  [1mSELECT "schema_migrations".* FROM "schema_migrations"[0m
Processing by VisitorsController#index as HTML
  [1m[35mUser Load (0.3ms)[0m  SELECT  "users".* FROM "users" WHERE "users"."id" = ?  ORDER BY "users"."id" ASC LIMIT 1  [["id", 1]]
  [1m[36m (0.2ms)[0m  [1mSELECT COUNT(*) FROM "users"[0m
  [1m[35m (0.1ms)[0m  SELECT COUNT(*) FROM "cities"
  Rendered visitors/index.html.erb within layouts/application (25.0ms)
  Rendered layouts/_navigation_links.html.erb (1.4ms)
  Rendered layouts/_navigation.html.erb (2.8ms)
  Rendered layouts/_messages.html.erb (1.4ms)
Completed 200 OK in 289ms (Views: 279.6ms | ActiveRecord: 1.2ms)


Started GET "/all_users" for 127.0.0.1 at 2015-02-21 21:56:16 +0100
Processing by UsersController#index as HTML
  [1m[36mUser Load (0.4ms)[0m  [1mSELECT  "users".* FROM "users" WHERE "users"."id" = ?  ORDER BY "users"."id" ASC LIMIT 1[0m  [["id", 1]]
  [1m[35mUser Load (0.2ms)[0m  SELECT "users".* FROM "users"
  [1m[36mCity Load (0.1ms)[0m  [1mSELECT  "cities".* FROM "cities" WHERE "cities"."id" = ? LIMIT 1[0m  [["id", 6]]
  Rendered users/_user.html.erb (15.4ms)
  Rendered users/index.html.erb within layouts/application (17.7ms)
  Rendered layouts/_navigation_links.html.erb (0.7ms)
  Rendered layouts/_navigation.html.erb (2.3ms)
  Rendered layouts/_messages.html.erb (0.4ms)
Completed 200 OK in 125ms (Views: 121.9ms | ActiveRecord: 0.8ms)


Started GET "/users/edit" for 127.0.0.1 at 2015-02-21 21:56:17 +0100
Processing by RegistrationsController#edit as HTML
  [1m[35mUser Load (0.1ms)[0m  SELECT  "users".* FROM "users" WHERE "users"."id" = ?  ORDER BY "users"."id" ASC LIMIT 1  [["id", 1]]
  [1m[36mCity Load (0.2ms)[0m  [1mSELECT "cities".* FROM "cities"[0m
  Rendered devise/registrations/edit.html.erb within layouts/application (326.3ms)
  Rendered layouts/_navigation_links.html.erb (0.4ms)
  Rendered layouts/_navigation.html.erb (1.7ms)
  Rendered layouts/_messages.html.erb (0.1ms)
Completed 200 OK in 446ms (Views: 443.2ms | ActiveRecord: 0.3ms)


Started GET "/" for 127.0.0.1 at 2015-02-21 21:56:18 +0100
Processing by VisitorsController#index as HTML
  [1m[35mUser Load (0.1ms)[0m  SELECT  "users".* FROM "users" WHERE "users"."id" = ?  ORDER BY "users"."id" ASC LIMIT 1  [["id", 1]]
  [1m[36m (0.2ms)[0m  [1mSELECT COUNT(*) FROM "users"[0m
  [1m[35m (0.2ms)[0m  SELECT COUNT(*) FROM "cities"
  Rendered visitors/index.html.erb within layouts/application (5.0ms)
  Rendered layouts/_navigation_links.html.erb (0.3ms)
  Rendered layouts/_navigation.html.erb (1.3ms)
  Rendered layouts/_messages.html.erb (0.1ms)
Completed 200 OK in 119ms (Views: 117.9ms | ActiveRecord: 0.5ms)


Started GET "/users/edit" for 127.0.0.1 at 2015-02-21 21:56:18 +0100
Processing by RegistrationsController#edit as HTML
  [1m[36mUser Load (0.1ms)[0m  [1mSELECT  "users".* FROM "users" WHERE "users"."id" = ?  ORDER BY "users"."id" ASC LIMIT 1[0m  [["id", 1]]
  [1m[35mCity Load (0.2ms)[0m  SELECT "cities".* FROM "cities"
  Rendered devise/registrations/edit.html.erb within layouts/application (10.7ms)
  Rendered layouts/_navigation_links.html.erb (0.3ms)
  Rendered layouts/_navigation.html.erb (1.4ms)
  Rendered layouts/_messages.html.erb (0.1ms)
Completed 200 OK in 123ms (Views: 120.4ms | ActiveRecord: 0.4ms)


Started GET "/cities/new" for 127.0.0.1 at 2015-02-21 21:56:20 +0100
Processing by CitiesController#new as HTML
  [1m[36mUser Load (0.1ms)[0m  [1mSELECT  "users".* FROM "users" WHERE "users"."id" = ?  ORDER BY "users"."id" ASC LIMIT 1[0m  [["id", 1]]
  Rendered cities/_form.html.erb (3.2ms)
  Rendered cities/new.html.erb within layouts/application (4.6ms)
  Rendered layouts/_navigation_links.html.erb (0.3ms)
  Rendered layouts/_navigation.html.erb (1.4ms)
  Rendered layouts/_messages.html.erb (0.1ms)
Completed 200 OK in 111ms (Views: 109.6ms | ActiveRecord: 0.1ms)


Started GET "/cities" for 127.0.0.1 at 2015-02-21 21:56:21 +0100
Processing by CitiesController#index as HTML
  [1m[35mUser Load (0.1ms)[0m  SELECT  "users".* FROM "users" WHERE "users"."id" = ?  ORDER BY "users"."id" ASC LIMIT 1  [["id", 1]]
  [1m[36mCity Load (0.2ms)[0m  [1mSELECT  "cities".* FROM "cities" LIMIT 5 OFFSET 0[0m
  [1m[35m (0.2ms)[0m  SELECT COUNT(*) FROM "cities"
  Rendered cities/_city.html.erb (3.2ms)
  Rendered cities/_city.html.erb (1.1ms)
  Rendered cities/_city.html.erb (1.1ms)
  Rendered cities/_city.html.erb (1.2ms)
  Rendered cities/_city.html.erb (0.7ms)
  Rendered cities/index.html.erb within layouts/application (23.3ms)
  Rendered layouts/_navigation_links.html.erb (0.4ms)
  Rendered layouts/_navigation.html.erb (1.4ms)
  Rendered layouts/_messages.html.erb (0.1ms)
Completed 200 OK in 137ms (Views: 135.0ms | ActiveRecord: 0.4ms)


Started GET "/users/edit" for 127.0.0.1 at 2015-02-21 21:56:22 +0100
Processing by RegistrationsController#edit as HTML
  [1m[36mUser Load (0.1ms)[0m  [1mSELECT  "users".* FROM "users" WHERE "users"."id" = ?  ORDER BY "users"."id" ASC LIMIT 1[0m  [["id", 1]]
  [1m[35mCity Load (0.2ms)[0m  SELECT "cities".* FROM "cities"
  Rendered devise/registrations/edit.html.erb within layouts/application (11.1ms)
  Rendered layouts/_navigation_links.html.erb (0.3ms)
  Rendered layouts/_navigation.html.erb (1.6ms)
  Rendered layouts/_messages.html.erb (0.1ms)
Completed 200 OK in 131ms (Views: 129.2ms | ActiveRecord: 0.3ms)


Started GET "/" for 127.0.0.1 at 2015-02-21 21:56:23 +0100
Processing by VisitorsController#index as HTML
  [1m[36mUser Load (0.1ms)[0m  [1mSELECT  "users".* FROM "users" WHERE "users"."id" = ?  ORDER BY "users"."id" ASC LIMIT 1[0m  [["id", 1]]
  [1m[35m (0.1ms)[0m  SELECT COUNT(*) FROM "users"
  [1m[36m (0.1ms)[0m  [1mSELECT COUNT(*) FROM "cities"[0m
  Rendered visitors/index.html.erb within layouts/application (2.5ms)
  Rendered layouts/_navigation_links.html.erb (0.3ms)
  Rendered layouts/_navigation.html.erb (1.4ms)
  Rendered layouts/_messages.html.erb (0.1ms)
Completed 200 OK in 111ms (Views: 110.4ms | ActiveRecord: 0.3ms)


Started GET "/users/edit" for 127.0.0.1 at 2015-02-21 21:56:24 +0100
Processing by RegistrationsController#edit as HTML
  [1m[35mUser Load (0.1ms)[0m  SELECT  "users".* FROM "users" WHERE "users"."id" = ?  ORDER BY "users"."id" ASC LIMIT 1  [["id", 1]]
  [1m[36mCity Load (0.2ms)[0m  [1mSELECT "cities".* FROM "cities"[0m
  Rendered devise/registrations/edit.html.erb within layouts/application (9.8ms)
  Rendered layouts/_navigation_links.html.erb (0.3ms)
  Rendered layouts/_navigation.html.erb (1.4ms)
  Rendered layouts/_messages.html.erb (0.1ms)
Completed 200 OK in 126ms (Views: 124.0ms | ActiveRecord: 0.3ms)


Started GET "/" for 127.0.0.1 at 2015-02-21 21:56:25 +0100
Processing by VisitorsController#index as HTML
  [1m[35mUser Load (0.2ms)[0m  SELECT  "users".* FROM "users" WHERE "users"."id" = ?  ORDER BY "users"."id" ASC LIMIT 1  [["id", 1]]
  [1m[36m (0.2ms)[0m  [1mSELECT COUNT(*) FROM "users"[0m
  [1m[35m (0.2ms)[0m  SELECT COUNT(*) FROM "cities"
  Rendered visitors/index.html.erb within layouts/application (3.9ms)
  Rendered layouts/_navigation_links.html.erb (0.3ms)
  Rendered layouts/_navigation.html.erb (1.3ms)
  Rendered layouts/_messages.html.erb (0.1ms)
Completed 200 OK in 116ms (Views: 114.3ms | ActiveRecord: 0.6ms)


Started GET "/cities" for 127.0.0.1 at 2015-02-21 21:56:27 +0100
Processing by CitiesController#index as HTML
  [1m[36mUser Load (0.1ms)[0m  [1mSELECT  "users".* FROM "users" WHERE "users"."id" = ?  ORDER BY "users"."id" ASC LIMIT 1[0m  [["id", 1]]
  [1m[35mCity Load (0.2ms)[0m  SELECT  "cities".* FROM "cities" LIMIT 5 OFFSET 0
  [1m[36m (0.1ms)[0m  [1mSELECT COUNT(*) FROM "cities"[0m
  Rendered cities/_city.html.erb (1.2ms)
  Rendered cities/_city.html.erb (0.8ms)
  Rendered cities/_city.html.erb (0.9ms)
  Rendered cities/_city.html.erb (1.0ms)
  Rendered cities/_city.html.erb (1.4ms)
  Rendered cities/index.html.erb within layouts/application (16.8ms)
  Rendered layouts/_navigation_links.html.erb (0.3ms)
  Rendered layouts/_navigation.html.erb (1.4ms)
  Rendered layouts/_messages.html.erb (0.1ms)
Completed 200 OK in 129ms (Views: 126.5ms | ActiveRecord: 0.4ms)


Started GET "/users/edit" for 127.0.0.1 at 2015-02-21 21:56:28 +0100
Processing by RegistrationsController#edit as HTML
  [1m[35mUser Load (0.1ms)[0m  SELECT  "users".* FROM "users" WHERE "users"."id" = ?  ORDER BY "users"."id" ASC LIMIT 1  [["id", 1]]
  [1m[36mCity Load (0.3ms)[0m  [1mSELECT "cities".* FROM "cities"[0m
  Rendered devise/registrations/edit.html.erb within layouts/application (10.2ms)
  Rendered layouts/_navigation_links.html.erb (0.3ms)
  Rendered layouts/_navigation.html.erb (1.4ms)
  Rendered layouts/_messages.html.erb (0.1ms)
Completed 200 OK in 125ms (Views: 123.8ms | ActiveRecord: 0.4ms)


Started GET "/" for 127.0.0.1 at 2015-02-21 21:56:29 +0100
Processing by VisitorsController#index as HTML
  [1m[35mUser Load (0.1ms)[0m  SELECT  "users".* FROM "users" WHERE "users"."id" = ?  ORDER BY "users"."id" ASC LIMIT 1  [["id", 1]]
  [1m[36m (0.1ms)[0m  [1mSELECT COUNT(*) FROM "users"[0m
  [1m[35m (0.1ms)[0m  SELECT COUNT(*) FROM "cities"
  Rendered visitors/index.html.erb within layouts/application (2.3ms)
  Rendered layouts/_navigation_links.html.erb (0.3ms)
  Rendered layouts/_navigation.html.erb (1.3ms)
  Rendered layouts/_messages.html.erb (0.1ms)
Completed 200 OK in 110ms (Views: 108.3ms | ActiveRecord: 0.3ms)


Started GET "/" for 127.0.0.1 at 2015-02-21 21:56:30 +0100
Processing by VisitorsController#index as HTML
  [1m[36mUser Load (0.1ms)[0m  [1mSELECT  "users".* FROM "users" WHERE "users"."id" = ?  ORDER BY "users"."id" ASC LIMIT 1[0m  [["id", 1]]
  [1m[35m (0.4ms)[0m  SELECT COUNT(*) FROM "users"
  [1m[36m (0.1ms)[0m  [1mSELECT COUNT(*) FROM "cities"[0m
  Rendered visitors/index.html.erb within layouts/application (4.0ms)
  Rendered layouts/_navigation_links.html.erb (0.3ms)
  Rendered layouts/_navigation.html.erb (1.3ms)
  Rendered layouts/_messages.html.erb (0.1ms)
Completed 200 OK in 119ms (Views: 117.4ms | ActiveRecord: 0.6ms)


Started GET "/" for 127.0.0.1 at 2015-02-21 21:56:31 +0100
Processing by VisitorsController#index as HTML
  [1m[35mUser Load (0.1ms)[0m  SELECT  "users".* FROM "users" WHERE "users"."id" = ?  ORDER BY "users"."id" ASC LIMIT 1  [["id", 1]]
  [1m[36m (0.1ms)[0m  [1mSELECT COUNT(*) FROM "users"[0m
  [1m[35m (0.1ms)[0m  SELECT COUNT(*) FROM "cities"
  Rendered visitors/index.html.erb within layouts/application (2.0ms)
  Rendered layouts/_navigation_links.html.erb (0.5ms)
  Rendered layouts/_navigation.html.erb (2.0ms)
  Rendered layouts/_messages.html.erb (0.3ms)
Completed 200 OK in 111ms (Views: 109.7ms | ActiveRecord: 0.3ms)


Started GET "/cities" for 127.0.0.1 at 2015-02-21 21:56:34 +0100
Processing by CitiesController#index as HTML
  [1m[36mUser Load (0.1ms)[0m  [1mSELECT  "users".* FROM "users" WHERE "users"."id" = ?  ORDER BY "users"."id" ASC LIMIT 1[0m  [["id", 1]]
  [1m[35mCity Load (0.1ms)[0m  SELECT  "cities".* FROM "cities" LIMIT 5 OFFSET 0
  [1m[36m (0.1ms)[0m  [1mSELECT COUNT(*) FROM "cities"[0m
  Rendered cities/_city.html.erb (0.8ms)
  Rendered cities/_city.html.erb (0.4ms)
  Rendered cities/_city.html.erb (0.5ms)
  Rendered cities/_city.html.erb (0.5ms)
  Rendered cities/_city.html.erb (0.4ms)
  Rendered cities/index.html.erb within layouts/application (10.2ms)
  Rendered layouts/_navigation_links.html.erb (0.4ms)
  Rendered layouts/_navigation.html.erb (1.5ms)
  Rendered layouts/_messages.html.erb (0.1ms)
Completed 200 OK in 122ms (Views: 120.0ms | ActiveRecord: 0.3ms)


Started GET "/cities/new" for 127.0.0.1 at 2015-02-21 21:56:35 +0100
Processing by CitiesController#new as HTML
  [1m[35mUser Load (0.3ms)[0m  SELECT  "users".* FROM "users" WHERE "users"."id" = ?  ORDER BY "users"."id" ASC LIMIT 1  [["id", 1]]
  Rendered cities/_form.html.erb (2.6ms)
  Rendered cities/new.html.erb within layouts/application (4.2ms)
  Rendered layouts/_navigation_links.html.erb (0.3ms)
  Rendered layouts/_navigation.html.erb (1.3ms)
  Rendered layouts/_messages.html.erb (0.1ms)
Completed 200 OK in 117ms (Views: 113.7ms | ActiveRecord: 0.3ms)


Started GET "/" for 127.0.0.1 at 2015-02-21 21:56:36 +0100
Processing by VisitorsController#index as HTML
  [1m[36mUser Load (0.1ms)[0m  [1mSELECT  "users".* FROM "users" WHERE "users"."id" = ?  ORDER BY "users"."id" ASC LIMIT 1[0m  [["id", 1]]
  [1m[35m (0.1ms)[0m  SELECT COUNT(*) FROM "users"
  [1m[36m (0.1ms)[0m  [1mSELECT COUNT(*) FROM "cities"[0m
  Rendered visitors/index.html.erb within layouts/application (2.1ms)
  Rendered layouts/_navigation_links.html.erb (0.3ms)
  Rendered layouts/_navigation.html.erb (1.3ms)
  Rendered layouts/_messages.html.erb (0.1ms)
Completed 200 OK in 98ms (Views: 97.3ms | ActiveRecord: 0.3ms)


Started GET "/" for 127.0.0.1 at 2015-02-21 21:56:51 +0100
  [1m[36mActiveRecord::SchemaMigration Load (0.1ms)[0m  [1mSELECT "schema_migrations".* FROM "schema_migrations"[0m
Processing by VisitorsController#index as HTML
  [1m[35m (0.1ms)[0m  SELECT COUNT(*) FROM "users"
  [1m[36m (0.1ms)[0m  [1mSELECT COUNT(*) FROM "cities"[0m
  Rendered visitors/index.html.erb within layouts/application (14.5ms)
  Rendered layouts/_navigation_links.html.erb (1.2ms)
  Rendered layouts/_navigation.html.erb (2.9ms)
  Rendered layouts/_messages.html.erb (0.6ms)
Completed 200 OK in 3327ms (Views: 3317.6ms | ActiveRecord: 0.6ms)


Started GET "/users/sign_in" for 127.0.0.1 at 2015-02-21 21:56:56 +0100
Processing by Devise::SessionsController#new as HTML
  Rendered devise/sessions/new.html.erb within layouts/application (366.1ms)
  Rendered layouts/_navigation_links.html.erb (0.4ms)
  Rendered layouts/_navigation.html.erb (1.3ms)
  Rendered layouts/_messages.html.erb (0.1ms)
Completed 200 OK in 501ms (Views: 486.3ms | ActiveRecord: 0.3ms)


Started POST "/users/sign_in" for 127.0.0.1 at 2015-02-21 21:57:02 +0100
Processing by Devise::SessionsController#create as HTML
  Parameters: {"utf8"=>"✓", "authenticity_token"=>"ljrQW3NREaScTBVc/xdPguyTrmsX9ouaQPbOXu04P/flkXyO/J+MSoyNmdWNtM5peVncEh8gqCGtJ7jTo/KZoA==", "user"=>{"email"=>"user@example.com", "password"=>"[FILTERED]", "remember_me"=>"0"}, "commit"=>"Sign in"}
  [1m[35mUser Load (0.2ms)[0m  SELECT  "users".* FROM "users" WHERE "users"."email" = ?  ORDER BY "users"."id" ASC LIMIT 1  [["email", "user@example.com"]]
  [1m[36m (0.1ms)[0m  [1mbegin transaction[0m
  [1m[35mSQL (0.3ms)[0m  UPDATE "users" SET "last_sign_in_at" = ?, "current_sign_in_at" = ?, "sign_in_count" = ?, "updated_at" = ? WHERE "users"."id" = ?  [["last_sign_in_at", "2015-02-21 20:55:41.662385"], ["current_sign_in_at", "2015-02-21 20:57:02.312219"], ["sign_in_count", 8], ["updated_at", "2015-02-21 20:57:02.314361"], ["id", 1]]
  [1m[36m (117.3ms)[0m  [1mcommit transaction[0m
Redirected to http://localhost:3000/
Completed 302 Found in 226ms (ActiveRecord: 117.9ms)


Started GET "/" for 127.0.0.1 at 2015-02-21 21:57:02 +0100
Processing by VisitorsController#index as HTML
  [1m[35mUser Load (0.2ms)[0m  SELECT  "users".* FROM "users" WHERE "users"."id" = ?  ORDER BY "users"."id" ASC LIMIT 1  [["id", 1]]
  [1m[36m (0.1ms)[0m  [1mSELECT COUNT(*) FROM "users"[0m
  [1m[35m (0.3ms)[0m  SELECT COUNT(*) FROM "cities"
  Rendered visitors/index.html.erb within layouts/application (3.4ms)
  Rendered layouts/_navigation_links.html.erb (0.3ms)
  Rendered layouts/_navigation.html.erb (1.1ms)
  Rendered layouts/_messages.html.erb (0.1ms)
Completed 200 OK in 108ms (Views: 106.9ms | ActiveRecord: 0.6ms)


Started GET "/cities" for 127.0.0.1 at 2015-02-21 21:57:05 +0100
Processing by CitiesController#index as HTML
  [1m[36mUser Load (0.1ms)[0m  [1mSELECT  "users".* FROM "users" WHERE "users"."id" = ?  ORDER BY "users"."id" ASC LIMIT 1[0m  [["id", 1]]
  [1m[35mCity Load (0.2ms)[0m  SELECT  "cities".* FROM "cities" LIMIT 5 OFFSET 0
  [1m[36m (0.1ms)[0m  [1mSELECT COUNT(*) FROM "cities"[0m
  Rendered cities/_city.html.erb (1.7ms)
  Rendered cities/_city.html.erb (0.4ms)
  Rendered cities/_city.html.erb (0.5ms)
  Rendered cities/_city.html.erb (0.7ms)
  Rendered cities/_city.html.erb (0.6ms)
  Rendered cities/index.html.erb within layouts/application (16.6ms)
  Rendered layouts/_navigation_links.html.erb (1.1ms)
  Rendered layouts/_navigation.html.erb (3.0ms)
  Rendered layouts/_messages.html.erb (0.8ms)
Completed 200 OK in 124ms (Views: 121.5ms | ActiveRecord: 0.5ms)


Started GET "/cities/new" for 127.0.0.1 at 2015-02-21 21:57:06 +0100
Processing by CitiesController#new as HTML
  [1m[35mUser Load (0.1ms)[0m  SELECT  "users".* FROM "users" WHERE "users"."id" = ?  ORDER BY "users"."id" ASC LIMIT 1  [["id", 1]]
  Rendered cities/_form.html.erb (3.1ms)
  Rendered cities/new.html.erb within layouts/application (4.7ms)
  Rendered layouts/_navigation_links.html.erb (0.3ms)
  Rendered layouts/_navigation.html.erb (1.4ms)
  Rendered layouts/_messages.html.erb (0.1ms)
Completed 200 OK in 107ms (Views: 105.4ms | ActiveRecord: 0.1ms)


Started GET "/cities" for 127.0.0.1 at 2015-02-21 21:57:07 +0100
Processing by CitiesController#index as HTML
  [1m[36mUser Load (0.1ms)[0m  [1mSELECT  "users".* FROM "users" WHERE "users"."id" = ?  ORDER BY "users"."id" ASC LIMIT 1[0m  [["id", 1]]
  [1m[35mCity Load (0.2ms)[0m  SELECT  "cities".* FROM "cities" LIMIT 5 OFFSET 0
  [1m[36m (0.1ms)[0m  [1mSELECT COUNT(*) FROM "cities"[0m
  Rendered cities/_city.html.erb (0.7ms)
  Rendered cities/_city.html.erb (0.7ms)
  Rendered cities/_city.html.erb (1.5ms)
  Rendered cities/_city.html.erb (0.7ms)
  Rendered cities/_city.html.erb (0.6ms)
  Rendered cities/index.html.erb within layouts/application (14.8ms)
  Rendered layouts/_navigation_links.html.erb (0.3ms)
  Rendered layouts/_navigation.html.erb (1.3ms)
  Rendered layouts/_messages.html.erb (0.1ms)
Completed 200 OK in 131ms (Views: 128.3ms | ActiveRecord: 0.4ms)


Started GET "/cities?page=2" for 127.0.0.1 at 2015-02-21 21:57:09 +0100
Processing by CitiesController#index as HTML
  Parameters: {"page"=>"2"}
  [1m[35mUser Load (0.1ms)[0m  SELECT  "users".* FROM "users" WHERE "users"."id" = ?  ORDER BY "users"."id" ASC LIMIT 1  [["id", 1]]
  [1m[36mCity Load (0.6ms)[0m  [1mSELECT  "cities".* FROM "cities" LIMIT 5 OFFSET 5[0m
  Rendered cities/_city.html.erb (0.8ms)
  Rendered cities/index.html.erb within layouts/application (4.2ms)
  Rendered layouts/_navigation_links.html.erb (0.3ms)
  Rendered layouts/_navigation.html.erb (1.4ms)
  Rendered layouts/_messages.html.erb (0.1ms)
Completed 200 OK in 98ms (Views: 95.7ms | ActiveRecord: 0.7ms)


Started GET "/cities?page=1" for 127.0.0.1 at 2015-02-21 21:57:10 +0100
Processing by CitiesController#index as HTML
  Parameters: {"page"=>"1"}
  [1m[35mUser Load (0.1ms)[0m  SELECT  "users".* FROM "users" WHERE "users"."id" = ?  ORDER BY "users"."id" ASC LIMIT 1  [["id", 1]]
  [1m[36mCity Load (0.2ms)[0m  [1mSELECT  "cities".* FROM "cities" LIMIT 5 OFFSET 0[0m
  [1m[35m (0.1ms)[0m  SELECT COUNT(*) FROM "cities"
  Rendered cities/_city.html.erb (0.7ms)
  Rendered cities/_city.html.erb (0.6ms)
  Rendered cities/_city.html.erb (0.9ms)
  Rendered cities/_city.html.erb (0.7ms)
  Rendered cities/_city.html.erb (0.5ms)
  Rendered cities/index.html.erb within layouts/application (16.9ms)
  Rendered layouts/_navigation_links.html.erb (0.3ms)
  Rendered layouts/_navigation.html.erb (1.7ms)
  Rendered layouts/_messages.html.erb (0.1ms)
Completed 200 OK in 145ms (Views: 143.5ms | ActiveRecord: 0.4ms)


Started GET "/" for 127.0.0.1 at 2015-02-21 21:57:10 +0100
Processing by VisitorsController#index as HTML
  [1m[36mUser Load (0.1ms)[0m  [1mSELECT  "users".* FROM "users" WHERE "users"."id" = ?  ORDER BY "users"."id" ASC LIMIT 1[0m  [["id", 1]]
  [1m[35m (0.1ms)[0m  SELECT COUNT(*) FROM "users"
  [1m[36m (0.1ms)[0m  [1mSELECT COUNT(*) FROM "cities"[0m
  Rendered visitors/index.html.erb within layouts/application (2.7ms)
  Rendered layouts/_navigation_links.html.erb (0.3ms)
  Rendered layouts/_navigation.html.erb (1.4ms)
  Rendered layouts/_messages.html.erb (0.1ms)
Completed 200 OK in 100ms (Views: 98.0ms | ActiveRecord: 0.3ms)
